POST /srm/v2/server HTTP/1.1
Host: srm-dcache.rcac.purdue.edu:8443
User-Agent: gSOAP/2.7
Content-Type: text/xml; charset=utf-8
Content-Length: 740
Connection: close
SOAPAction: "Ls"

<?xml version="1.0" encoding="UTF-8"?>
<SOAP-ENV:Envelope xmlns:SOAP-ENV="http://schemas.xmlsoap.org/soap/envelope/" xmlns:SOAP-ENC="http://schemas.xmlsoap.org/soap/encoding/" xmlns:xsi="http://www.w3.org/2001/XMLSchema-instance" xmlns:xsd="http://www.w3.org/2001/XMLSchema" xmlns:srm2="http://srm.lbl.gov/StorageResourceManager"><SOAP-ENV:Body SOAP-ENV:encodingStyle="http://schemas.xmlsoap.org/soap/encoding/"><srm2:srmLs><srmLsRequest><arrayOfSURLs><urlArray>srm://srm-dcache.rcac.purdue.edu:8443/srm/v2/server?SFN=/mnt/hadoop//store/user/jisun/HeavyFlavor_PbPb_highpt_all_1104/</urlArray></arrayOfSURLs><fullDetailedList>true</fullDetailedList><numOfLevels>0</numOfLevels></srmLsRequest></srm2:srmLs></SOAP-ENV:Body></SOAP-ENV:Envelope>POST /srm/v2/server HTTP/1.1
Host: srm-dcache.rcac.purdue.edu:8443
User-Agent: gSOAP/2.7
Content-Type: text/xml; charset=utf-8
Content-Length: 740
Connection: close
SOAPAction: "Ls"

<?xml version="1.0" encoding="UTF-8"?>
<SOAP-ENV:Envelope xmlns:SOAP-ENV="http://schemas.xmlsoap.org/soap/envelope/" xmlns:SOAP-ENC="http://schemas.xmlsoap.org/soap/encoding/" xmlns:xsi="http://www.w3.org/2001/XMLSchema-instance" xmlns:xsd="http://www.w3.org/2001/XMLSchema" xmlns:srm2="http://srm.lbl.gov/StorageResourceManager"><SOAP-ENV:Body SOAP-ENV:encodingStyle="http://schemas.xmlsoap.org/soap/encoding/"><srm2:srmLs><srmLsRequest><arrayOfSURLs><urlArray>srm://srm-dcache.rcac.purdue.edu:8443/srm/v2/server?SFN=/mnt/hadoop//store/user/jisun/HeavyFlavor_PbPb_highpt_all_1104/</urlArray></arrayOfSURLs><fullDetailedList>true</fullDetailedList><numOfLevels>0</numOfLevels></srmLsRequest></srm2:srmLs></SOAP-ENV:Body></SOAP-ENV:Envelope>POST /srm/v2/server HTTP/1.1
Host: srm-dcache.rcac.purdue.edu:8443
User-Agent: gSOAP/2.7
Content-Type: text/xml; charset=utf-8
Content-Length: 740
Connection: close
SOAPAction: "Ls"

<?xml version="1.0" encoding="UTF-8"?>
<SOAP-ENV:Envelope xmlns:SOAP-ENV="http://schemas.xmlsoap.org/soap/envelope/" xmlns:SOAP-ENC="http://schemas.xmlsoap.org/soap/encoding/" xmlns:xsi="http://www.w3.org/2001/XMLSchema-instance" xmlns:xsd="http://www.w3.org/2001/XMLSchema" xmlns:srm2="http://srm.lbl.gov/StorageResourceManager"><SOAP-ENV:Body SOAP-ENV:encodingStyle="http://schemas.xmlsoap.org/soap/encoding/"><srm2:srmLs><srmLsRequest><arrayOfSURLs><urlArray>srm://srm-dcache.rcac.purdue.edu:8443/srm/v2/server?SFN=/mnt/hadoop//store/user/jisun/HeavyFlavor_PbPb_highpt_all_1104/</urlArray></arrayOfSURLs><fullDetailedList>true</fullDetailedList><numOfLevels>0</numOfLevels></srmLsRequest></srm2:srmLs></SOAP-ENV:Body></SOAP-ENV:Envelope>POST /srm/v2/server HTTP/1.1
Host: srm-dcache.rcac.purdue.edu:8443
User-Agent: gSOAP/2.7
Content-Type: text/xml; charset=utf-8
Content-Length: 746
Connection: close
SOAPAction: "Ls"

<?xml version="1.0" encoding="UTF-8"?>
<SOAP-ENV:Envelope xmlns:SOAP-ENV="http://schemas.xmlsoap.org/soap/envelope/" xmlns:SOAP-ENC="http://schemas.xmlsoap.org/soap/encoding/" xmlns:xsi="http://www.w3.org/2001/XMLSchema-instance" xmlns:xsd="http://www.w3.org/2001/XMLSchema" xmlns:srm2="http://srm.lbl.gov/StorageResourceManager"><SOAP-ENV:Body SOAP-ENV:encodingStyle="http://schemas.xmlsoap.org/soap/encoding/"><srm2:srmLs><srmLsRequest><arrayOfSURLs><urlArray>srm://srm-dcache.rcac.purdue.edu:8443/srm/v2/server?SFN=/mnt/hadoop//store/user/jisun/HeavyFlavor_PbPb_highpt_10000_all_1105/</urlArray></arrayOfSURLs><fullDetailedList>true</fullDetailedList><numOfLevels>0</numOfLevels></srmLsRequest></srm2:srmLs></SOAP-ENV:Body></SOAP-ENV:Envelope>